<?xml version="1.0" encoding="UTF-8"?>
<!-- Generated by org.testng.reporters.JUnitReportReporter -->
<testsuite hostname="Divagar" failures="0" tests="1" name="tests.Logintest" time="1.783" errors="0" timestamp="2023-09-10T12:22:19 IST" skipped="0">
  <testcase classname="tests.Logintest" name="testLogin" time="1.783"/>
  <system-out/>
</testsuite> <!-- tests.Logintest -->
